<?xml version="1.0" encoding="UTF-8"?>
<testng-results ignored="0" total="1" passed="1" failed="0" skipped="0">
  <reporter-output>
  </reporter-output>
  <suite started-at="2025-04-02T16:33:20 IST" name="Default suite" finished-at="2025-04-02T16:33:20 IST" duration-ms="42">
    <groups>
    </groups>
    <test started-at="2025-04-02T16:33:20 IST" name="Default test" finished-at="2025-04-02T16:33:20 IST" duration-ms="42">
      <class name="packagepck.MavProjectSel.Testcase">
        <test-method signature="testcase1()[pri:0, instance:packagepck.MavProjectSel.Testcase@302552ec]" started-at="2025-04-02T16:33:20 IST" name="testcase1" finished-at="2025-04-02T16:33:20 IST" duration-ms="7" status="PASS">
          <reporter-output>
          </reporter-output>
        </test-method> <!-- testcase1 -->
      </class> <!-- packagepck.MavProjectSel.Testcase -->
    </test> <!-- Default test -->
  </suite> <!-- Default suite -->
</testng-results>
